0 info it worked if it ends with ok
1 verbose cli [ 'D:\\node\\node.exe',
1 verbose cli   'D:\\node\\node_modules\\npm\\bin\\npm-cli.js',
1 verbose cli   'start' ]
2 info using npm@3.10.10
3 info using node@v6.11.0
4 verbose run-script [ 'prestart', 'start', 'poststart' ]
5 info lifecycle 003@1.0.0~prestart: 003@1.0.0
6 silly lifecycle 003@1.0.0~prestart: no script for prestart, continuing
7 info lifecycle 003@1.0.0~start: 003@1.0.0
8 verbose lifecycle 003@1.0.0~start: unsafe-perm in lifecycle true
9 verbose lifecycle 003@1.0.0~start: PATH: D:\node\node_modules\npm\bin\node-gyp-bin;F:\xampp\htdocs\myWeb\reactNews\node_modules\.bin;D:\cmder\bin;D:\cmder\vendor\git-for-windows\cmd;D:\cmder\vendor\conemu-maximus5\ConEmu\Scripts;D:\cmder\vendor\conemu-maximus5;D:\cmder\vendor\conemu-maximus5\ConEmu;C:\Windows\system32;C:\Windows;C:\Windows\System32\Wbem;C:\Windows\System32\WindowsPowerShell\v1.0\;F:\xampp\php;D:\node\;F:\xampp\php;C:\Users\HeCheng\AppData\Roaming\npm;C:\Users\HeCheng\AppData\Local\atom\bin;D:\cmder\vendor\git-for-windows\usr\bin;D:\cmder\vendor\git-for-windows\usr\share\vim\vim74;D:\cmder\
10 verbose lifecycle 003@1.0.0~start: CWD: F:\xampp\htdocs\myWeb\reactNews
11 silly lifecycle 003@1.0.0~start: Args: [ '/d /s /c', 'webpack-dev-server --progress --inline' ]
12 silly lifecycle 003@1.0.0~start: Returned: code: 3221225786  signal: null
13 info lifecycle 003@1.0.0~start: Failed to exec start script
14 verbose stack Error: 003@1.0.0 start: `webpack-dev-server --progress --inline`
14 verbose stack Exit status 3221225786
14 verbose stack     at EventEmitter.<anonymous> (D:\node\node_modules\npm\lib\utils\lifecycle.js:255:16)
14 verbose stack     at emitTwo (events.js:106:13)
14 verbose stack     at EventEmitter.emit (events.js:191:7)
14 verbose stack     at ChildProcess.<anonymous> (D:\node\node_modules\npm\lib\utils\spawn.js:40:14)
14 verbose stack     at emitTwo (events.js:106:13)
14 verbose stack     at ChildProcess.emit (events.js:191:7)
14 verbose stack     at maybeClose (internal/child_process.js:891:16)
14 verbose stack     at Process.ChildProcess._handle.onexit (internal/child_process.js:226:5)
15 verbose pkgid 003@1.0.0
16 verbose cwd F:\xampp\htdocs\myWeb\reactNews
17 error Windows_NT 6.1.7601
18 error argv "D:\\node\\node.exe" "D:\\node\\node_modules\\npm\\bin\\npm-cli.js" "start"
19 error node v6.11.0
20 error npm  v3.10.10
21 error code ELIFECYCLE
22 error 003@1.0.0 start: `webpack-dev-server --progress --inline`
22 error Exit status 3221225786
23 error Failed at the 003@1.0.0 start script 'webpack-dev-server --progress --inline'.
23 error Make sure you have the latest version of node.js and npm installed.
23 error If you do, this is most likely a problem with the 003 package,
23 error not with npm itself.
23 error Tell the author that this fails on your system:
23 error     webpack-dev-server --progress --inline
23 error You can get information on how to open an issue for this project with:
23 error     npm bugs 003
23 error Or if that isn't available, you can get their info via:
23 error     npm owner ls 003
23 error There is likely additional logging output above.
24 verbose exit [ 1, true ]
